<?xml version="1.0" encoding="UTF-8"?>
<testsuite name="com.it.blog.controller.BlogApiControllerTest" tests="5" skipped="0" failures="0" errors="0" timestamp="2024-01-16T02:41:43" hostname="DESKTOP-SEHQO27" time="1.574">
  <properties/>
  <testcase name="deleteArticle()" classname="com.it.blog.controller.BlogApiControllerTest" time="1.175"/>
  <testcase name="findArticle()" classname="com.it.blog.controller.BlogApiControllerTest" time="0.131"/>
  <testcase name="findAllArticles()" classname="com.it.blog.controller.BlogApiControllerTest" time="0.067"/>
  <testcase name="addArticle : 블로그 글 추가에 성공한다." classname="com.it.blog.controller.BlogApiControllerTest" time="0.134"/>
  <testcase name="updateArticle()" classname="com.it.blog.controller.BlogApiControllerTest" time="0.052"/>
  <system-out><![CDATA[11:41:37.522 [Test worker] INFO org.springframework.test.context.support.AnnotationConfigContextLoaderUtils -- Could not detect default configuration classes for test class [com.it.blog.controller.BlogApiControllerTest]: BlogApiControllerTest does not declare any static, non-private, non-final, nested classes annotated with @Configuration.
11:41:37.737 [Test worker] INFO org.springframework.boot.test.context.SpringBootTestContextBootstrapper -- Found @SpringBootConfiguration com.it.blog.BlogApplication for test class com.it.blog.controller.BlogApiControllerTest

  .   ____          _            __ _ _
 /\\ / ___'_ __ _ _(_)_ __  __ _ \ \ \ \
( ( )\___ | '_ | '_| | '_ \/ _` | \ \ \ \
 \\/  ___)| |_)| | | | | || (_| |  ) ) ) )
  '  |____| .__|_| |_|_| |_\__, | / / / /
 =========|_|==============|___/=/_/_/_/
 :: Spring Boot ::                (v3.2.1)

2024-01-16T11:41:38.332+09:00  INFO 9484 --- [    Test worker] c.i.b.controller.BlogApiControllerTest   : Starting BlogApiControllerTest using Java 17.0.9 with PID 9484 (started by admin in C:\Users\admin\Desktop\LEE\blog)
2024-01-16T11:41:38.336+09:00  INFO 9484 --- [    Test worker] c.i.b.controller.BlogApiControllerTest   : No active profile set, falling back to 1 default profile: "default"
2024-01-16T11:41:39.409+09:00  INFO 9484 --- [    Test worker] .s.d.r.c.RepositoryConfigurationDelegate : Bootstrapping Spring Data JPA repositories in DEFAULT mode.
2024-01-16T11:41:39.490+09:00  INFO 9484 --- [    Test worker] .s.d.r.c.RepositoryConfigurationDelegate : Finished Spring Data repository scanning in 69 ms. Found 1 JPA repository interface.
2024-01-16T11:41:40.133+09:00  INFO 9484 --- [    Test worker] com.zaxxer.hikari.HikariDataSource       : HikariPool-1 - Starting...
2024-01-16T11:41:40.235+09:00  INFO 9484 --- [    Test worker] com.zaxxer.hikari.pool.HikariPool        : HikariPool-1 - Added connection conn0: url=jdbc:h2:tcp://localhost/~/test user=SA
2024-01-16T11:41:40.239+09:00  INFO 9484 --- [    Test worker] com.zaxxer.hikari.HikariDataSource       : HikariPool-1 - Start completed.
2024-01-16T11:41:40.304+09:00  INFO 9484 --- [    Test worker] o.hibernate.jpa.internal.util.LogHelper  : HHH000204: Processing PersistenceUnitInfo [name: default]
2024-01-16T11:41:40.401+09:00  INFO 9484 --- [    Test worker] org.hibernate.Version                    : HHH000412: Hibernate ORM core version 6.4.1.Final
2024-01-16T11:41:40.456+09:00  INFO 9484 --- [    Test worker] o.h.c.internal.RegionFactoryInitiator    : HHH000026: Second-level cache disabled
2024-01-16T11:41:40.844+09:00  INFO 9484 --- [    Test worker] o.s.o.j.p.SpringPersistenceUnitInfo      : No LoadTimeWeaver setup: ignoring JPA class transformer
2024-01-16T11:41:41.997+09:00  INFO 9484 --- [    Test worker] o.h.e.t.j.p.i.JtaPlatformInitiator       : HHH000489: No JTA platform available (set 'hibernate.transaction.jta.platform' to enable JTA platform integration)
2024-01-16T11:41:42.002+09:00  INFO 9484 --- [    Test worker] j.LocalContainerEntityManagerFactoryBean : Initialized JPA EntityManagerFactory for persistence unit 'default'
2024-01-16T11:41:42.658+09:00  WARN 9484 --- [    Test worker] JpaBaseConfiguration$JpaWebConfiguration : spring.jpa.open-in-view is enabled by default. Therefore, database queries may be performed during view rendering. Explicitly configure spring.jpa.open-in-view to disable this warning
2024-01-16T11:41:43.132+09:00  INFO 9484 --- [    Test worker] o.s.b.a.h2.H2ConsoleAutoConfiguration    : H2 console available at '/h2-console'. Database available at 'jdbc:h2:tcp://localhost/~/test'
2024-01-16T11:41:43.205+09:00  INFO 9484 --- [    Test worker] o.s.b.t.m.w.SpringBootMockServletContext : Initializing Spring TestDispatcherServlet ''
2024-01-16T11:41:43.206+09:00  INFO 9484 --- [    Test worker] o.s.t.web.servlet.TestDispatcherServlet  : Initializing Servlet ''
2024-01-16T11:41:43.213+09:00  INFO 9484 --- [    Test worker] o.s.t.web.servlet.TestDispatcherServlet  : Completed initialization in 3 ms
2024-01-16T11:41:43.250+09:00  INFO 9484 --- [    Test worker] c.i.b.controller.BlogApiControllerTest   : Started BlogApiControllerTest in 5.303 seconds (process running for 7.134)
2024-01-16T11:41:43.938+09:00  INFO 9484 --- [    Test worker] o.s.b.t.m.w.SpringBootMockServletContext : Initializing Spring TestDispatcherServlet ''
2024-01-16T11:41:43.939+09:00  INFO 9484 --- [    Test worker] o.s.t.web.servlet.TestDispatcherServlet  : Initializing Servlet ''
2024-01-16T11:41:43.940+09:00  INFO 9484 --- [    Test worker] o.s.t.web.servlet.TestDispatcherServlet  : Completed initialization in 1 ms
Hibernate: select a1_0.id,a1_0.content,a1_0.created_at,a1_0.title,a1_0.updated_at from article a1_0
Hibernate: delete from article where id=?
Hibernate: delete from article where id=?
Hibernate: insert into article (content,created_at,title,updated_at,id) values (?,?,?,?,default)
Hibernate: select a1_0.id,a1_0.content,a1_0.created_at,a1_0.title,a1_0.updated_at from article a1_0 where a1_0.id=?
Hibernate: delete from article where id=?
Hibernate: select a1_0.id,a1_0.content,a1_0.created_at,a1_0.title,a1_0.updated_at from article a1_0
2024-01-16T11:41:44.460+09:00  INFO 9484 --- [    Test worker] o.s.b.t.m.w.SpringBootMockServletContext : Initializing Spring TestDispatcherServlet ''
2024-01-16T11:41:44.460+09:00  INFO 9484 --- [    Test worker] o.s.t.web.servlet.TestDispatcherServlet  : Initializing Servlet ''
2024-01-16T11:41:44.461+09:00  INFO 9484 --- [    Test worker] o.s.t.web.servlet.TestDispatcherServlet  : Completed initialization in 1 ms
Hibernate: select a1_0.id,a1_0.content,a1_0.created_at,a1_0.title,a1_0.updated_at from article a1_0
Hibernate: insert into article (content,created_at,title,updated_at,id) values (?,?,?,?,default)
Hibernate: select a1_0.id,a1_0.content,a1_0.created_at,a1_0.title,a1_0.updated_at from article a1_0 where a1_0.id=?
2024-01-16T11:41:44.595+09:00  INFO 9484 --- [    Test worker] o.s.b.t.m.w.SpringBootMockServletContext : Initializing Spring TestDispatcherServlet ''
2024-01-16T11:41:44.596+09:00  INFO 9484 --- [    Test worker] o.s.t.web.servlet.TestDispatcherServlet  : Initializing Servlet ''
2024-01-16T11:41:44.606+09:00  INFO 9484 --- [    Test worker] o.s.t.web.servlet.TestDispatcherServlet  : Completed initialization in 10 ms
Hibernate: select a1_0.id,a1_0.content,a1_0.created_at,a1_0.title,a1_0.updated_at from article a1_0
Hibernate: delete from article where id=?
Hibernate: insert into article (content,created_at,title,updated_at,id) values (?,?,?,?,default)
Hibernate: select a1_0.id,a1_0.content,a1_0.created_at,a1_0.title,a1_0.updated_at from article a1_0 order by a1_0.created_at desc
2024-01-16T11:41:44.695+09:00  INFO 9484 --- [    Test worker] o.s.b.t.m.w.SpringBootMockServletContext : Initializing Spring TestDispatcherServlet ''
2024-01-16T11:41:44.695+09:00  INFO 9484 --- [    Test worker] o.s.t.web.servlet.TestDispatcherServlet  : Initializing Servlet ''
2024-01-16T11:41:44.696+09:00  INFO 9484 --- [    Test worker] o.s.t.web.servlet.TestDispatcherServlet  : Completed initialization in 1 ms
Hibernate: select a1_0.id,a1_0.content,a1_0.created_at,a1_0.title,a1_0.updated_at from article a1_0
Hibernate: delete from article where id=?
Hibernate: insert into article (content,created_at,title,updated_at,id) values (?,?,?,?,default)
Hibernate: select a1_0.id,a1_0.content,a1_0.created_at,a1_0.title,a1_0.updated_at from article a1_0
2024-01-16T11:41:44.809+09:00  INFO 9484 --- [    Test worker] o.s.b.t.m.w.SpringBootMockServletContext : Initializing Spring TestDispatcherServlet ''
2024-01-16T11:41:44.810+09:00  INFO 9484 --- [    Test worker] o.s.t.web.servlet.TestDispatcherServlet  : Initializing Servlet ''
2024-01-16T11:41:44.811+09:00  INFO 9484 --- [    Test worker] o.s.t.web.servlet.TestDispatcherServlet  : Completed initialization in 1 ms
Hibernate: select a1_0.id,a1_0.content,a1_0.created_at,a1_0.title,a1_0.updated_at from article a1_0
Hibernate: delete from article where id=?
Hibernate: insert into article (content,created_at,title,updated_at,id) values (?,?,?,?,default)
Hibernate: select a1_0.id,a1_0.content,a1_0.created_at,a1_0.title,a1_0.updated_at from article a1_0 where a1_0.id=?
Hibernate: update article set content=?,created_at=?,title=?,updated_at=? where id=?
Hibernate: select a1_0.id,a1_0.content,a1_0.created_at,a1_0.title,a1_0.updated_at from article a1_0 where a1_0.id=?
]]></system-out>
  <system-err><![CDATA[]]></system-err>
</testsuite>
